#-----------------------------------------------------------
# Vivado v2024.2 (64-bit)
# SW Build 5239630 on Fri Nov 08 22:35:27 MST 2024
# IP Build 5239520 on Sun Nov 10 16:12:51 MST 2024
# SharedData Build 5239561 on Fri Nov 08 14:39:27 MST 2024
# Start of session at: Thu Jan 22 19:00:08 2026
# Process ID         : 26884
# Current directory  : C:/Users/C27Soren.Herzog/ece383/Herzog_ece383_wksp/lab1
# Command line       : vivado.exe -gui_launcher_event rodinguilauncherevent29176 C:\Users\C27Soren.Herzog\ece383\Herzog_ece383_wksp\lab1\Lab1-Herzog.xpr
# Log file           : C:/Users/C27Soren.Herzog/ece383/Herzog_ece383_wksp/lab1/vivado.log
# Journal file       : C:/Users/C27Soren.Herzog/ece383/Herzog_ece383_wksp/lab1\vivado.jou
# Running On         : C27-5CG3121G96
# Platform           : Windows Server 2016 or Windows 10
# Operating System   : 22631
# Processor Detail   : AMD Ryzen 7 PRO 6850U with Radeon Graphics     
# CPU Frequency      : 2695 MHz
# CPU Physical cores : 8
# CPU Logical cores  : 16
# Host memory        : 16442 MB
# Swap memory        : 7247 MB
# Total Virtual      : 23690 MB
# Available Virtual  : 6057 MB
#-----------------------------------------------------------
start_gui
open_project C:/Users/C27Soren.Herzog/ece383/Herzog_ece383_wksp/lab1/Lab1-Herzog.xpr
Scanning sources...
Finished scanning sources
INFO: [IP_Flow 19-234] Refreshing IP repositories
INFO: [IP_Flow 19-1704] No user IP repositories specified
INFO: [IP_Flow 19-2313] Loaded Vivado IP repository 'C:/Xilinx/Vivado/2024.2/data/ip'.
open_project: Time (s): cpu = 00:00:05 ; elapsed = 00:00:09 . Memory (MB): peak = 1139.816 ; gain = 90.473
update_compile_order -fileset sources_1
update_files -from_files {{C:/Users/C27Soren.Herzog/Downloads/Lab1_Cadet_Code_2026 (2)/Lab1_Cadet_Code_2026/vga.vhd}} -to_files C:/Users/C27Soren.Herzog/ece383/Herzog_ece383_wksp/lab1/Lab1-Herzog.srcs/sources_1/imports/Lab1_Cadet_Code_2026/vga.vhd -filesets [get_filesets *]
ERROR: [Vivado 12-385] Illegal file or directory name 'C:/Users/C27Soren.Herzog/Downloads/Lab1_Cadet_Code_2026 (2)/Lab1_Cadet_Code_2026/vga.vhd'
WARNING: [filemgmt 56-199] Attempt to get parsing info during refresh. "On-the-fly" syntax checking information may be incorrect. [C:\Users\C27Soren.Herzog\ece383\Herzog_ece383_wksp\lab1\Lab1-Herzog.srcs\sources_1\imports\Lab1_Cadet_Code_2026\video.vhdl:]
WARNING: [filemgmt 56-199] Attempt to get parsing info during refresh. "On-the-fly" syntax checking information may be incorrect. [C:\Users\C27Soren.Herzog\ece383\Herzog_ece383_wksp\lab1\Lab1-Herzog.srcs\sources_1\imports\Lab1_Cadet_Code_2026\color_mapper.vhd:]
WARNING: [filemgmt 56-199] Attempt to get parsing info during refresh. "On-the-fly" syntax checking information may be incorrect. [C:\Users\C27Soren.Herzog\ece383\Herzog_ece383_wksp\lab1\Lab1-Herzog.srcs\sources_1\imports\Lab1_Cadet_Code_2026\ece383_pkg.vhd:]
WARNING: [filemgmt 56-199] Attempt to get parsing info during refresh. "On-the-fly" syntax checking information may be incorrect. [C:\Users\C27Soren.Herzog\ece383\Herzog_ece383_wksp\lab1\Lab1-Herzog.srcs\sources_1\imports\Lab1_Cadet_Code_2026\vga_signal_generator.vhd:]
WARNING: [filemgmt 56-199] Attempt to get parsing info during refresh. "On-the-fly" syntax checking information may be incorrect. [C:\Users\C27Soren.Herzog\ece383\Herzog_ece383_wksp\lab1\Lab1-Herzog.srcs\sources_1\imports\Lab1_Cadet_Code_2026\vga.vhd:]
WARNING: [filemgmt 56-199] Attempt to get parsing info during refresh. "On-the-fly" syntax checking information may be incorrect. [C:\Users\C27Soren.Herzog\ece383\Herzog_ece383_wksp\lab1\Lab1-Herzog.srcs\sources_1\new\Lab1.vhd:]
WARNING: [filemgmt 56-199] Attempt to get parsing info during refresh. "On-the-fly" syntax checking information may be incorrect. [C:\Users\C27Soren.Herzog\ece383\Herzog_ece383_wksp\lab1\Lab1-Herzog.srcs\sources_1\imports\Lab1_Cadet_Code_2026\color_mapper.vhd:]
WARNING: [filemgmt 56-199] Attempt to get parsing info during refresh. "On-the-fly" syntax checking information may be incorrect. [C:\Users\C27Soren.Herzog\ece383\Herzog_ece383_wksp\lab1\Lab1-Herzog.srcs\sources_1\imports\Lab1_Cadet_Code_2026\color_mapper.vhd:]
WARNING: [filemgmt 56-199] Attempt to get parsing info during refresh. "On-the-fly" syntax checking information may be incorrect. [C:\Users\C27Soren.Herzog\ece383\Herzog_ece383_wksp\lab1\Lab1-Herzog.srcs\sources_1\imports\Lab1_Cadet_Code_2026\video.vhdl:]
WARNING: [filemgmt 56-199] Attempt to get parsing info during refresh. "On-the-fly" syntax checking information may be incorrect. [C:\Users\C27Soren.Herzog\ece383\Herzog_ece383_wksp\lab1\Lab1-Herzog.srcs\sources_1\imports\Lab1_Cadet_Code_2026\color_mapper.vhd:]
WARNING: [filemgmt 56-199] Attempt to get parsing info during refresh. "On-the-fly" syntax checking information may be incorrect. [C:\Users\C27Soren.Herzog\ece383\Herzog_ece383_wksp\lab1\Lab1-Herzog.srcs\sources_1\imports\Lab1_Cadet_Code_2026\ece383_pkg.vhd:]
WARNING: [filemgmt 56-199] Attempt to get parsing info during refresh. "On-the-fly" syntax checking information may be incorrect. [C:\Users\C27Soren.Herzog\ece383\Herzog_ece383_wksp\lab1\Lab1-Herzog.srcs\sources_1\imports\Lab1_Cadet_Code_2026\vga_signal_generator.vhd:]
WARNING: [filemgmt 56-199] Attempt to get parsing info during refresh. "On-the-fly" syntax checking information may be incorrect. [C:\Users\C27Soren.Herzog\ece383\Herzog_ece383_wksp\lab1\Lab1-Herzog.srcs\sources_1\imports\Lab1_Cadet_Code_2026\vga.vhd:]
WARNING: [filemgmt 56-199] Attempt to get parsing info during refresh. "On-the-fly" syntax checking information may be incorrect. [C:\Users\C27Soren.Herzog\ece383\Herzog_ece383_wksp\lab1\Lab1-Herzog.srcs\sources_1\new\Lab1.vhd:]
WARNING: [filemgmt 56-199] Attempt to get parsing info during refresh. "On-the-fly" syntax checking information may be incorrect. [C:\Users\C27Soren.Herzog\ece383\Herzog_ece383_wksp\lab1\Lab1-Herzog.srcs\sources_1\imports\Lab1_Cadet_Code_2026\video.vhdl:]
WARNING: [filemgmt 56-199] Attempt to get parsing info during refresh. "On-the-fly" syntax checking information may be incorrect. [C:\Users\C27Soren.Herzog\ece383\Herzog_ece383_wksp\lab1\Lab1-Herzog.srcs\sources_1\imports\Lab1_Cadet_Code_2026\video.vhdl:]
WARNING: [filemgmt 56-199] Attempt to get parsing info during refresh. "On-the-fly" syntax checking information may be incorrect. [C:\Users\C27Soren.Herzog\ece383\Herzog_ece383_wksp\lab1\Lab1-Herzog.srcs\sources_1\imports\Lab1_Cadet_Code_2026\video.vhdl:]
WARNING: [filemgmt 56-199] Attempt to get parsing info during refresh. "On-the-fly" syntax checking information may be incorrect. [C:\Users\C27Soren.Herzog\ece383\Herzog_ece383_wksp\lab1\Lab1-Herzog.srcs\sources_1\imports\Lab1_Cadet_Code_2026\color_mapper.vhd:]
WARNING: [filemgmt 56-199] Attempt to get parsing info during refresh. "On-the-fly" syntax checking information may be incorrect. [C:\Users\C27Soren.Herzog\ece383\Herzog_ece383_wksp\lab1\Lab1-Herzog.srcs\sources_1\imports\Lab1_Cadet_Code_2026\ece383_pkg.vhd:]
WARNING: [filemgmt 56-199] Attempt to get parsing info during refresh. "On-the-fly" syntax checking information may be incorrect. [C:\Users\C27Soren.Herzog\ece383\Herzog_ece383_wksp\lab1\Lab1-Herzog.srcs\sources_1\imports\Lab1_Cadet_Code_2026\vga_signal_generator.vhd:]
WARNING: [filemgmt 56-199] Attempt to get parsing info during refresh. "On-the-fly" syntax checking information may be incorrect. [C:\Users\C27Soren.Herzog\ece383\Herzog_ece383_wksp\lab1\Lab1-Herzog.srcs\sources_1\imports\Lab1_Cadet_Code_2026\vga.vhd:]
WARNING: [filemgmt 56-199] Attempt to get parsing info during refresh. "On-the-fly" syntax checking information may be incorrect. [C:\Users\C27Soren.Herzog\ece383\Herzog_ece383_wksp\lab1\Lab1-Herzog.srcs\sources_1\new\Lab1.vhd:]
WARNING: [filemgmt 56-199] Attempt to get parsing info during refresh. "On-the-fly" syntax checking information may be incorrect. [C:\Users\C27Soren.Herzog\ece383\Herzog_ece383_wksp\lab1\Lab1-Herzog.srcs\sources_1\imports\Lab1_Cadet_Code_2026\ece383_pkg.vhd:]
WARNING: [filemgmt 56-199] Attempt to get parsing info during refresh. "On-the-fly" syntax checking information may be incorrect. [C:\Users\C27Soren.Herzog\ece383\Herzog_ece383_wksp\lab1\Lab1-Herzog.srcs\sources_1\imports\Lab1_Cadet_Code_2026\ece383_pkg.vhd:]
ERROR: [Common 17-180] Spawn failed: No error
ERROR: [Common 17-180] Spawn failed: No error
WARNING: [filemgmt 56-199] Attempt to get parsing info during refresh. "On-the-fly" syntax checking information may be incorrect. [C:\Users\C27Soren.Herzog\ece383\Herzog_ece383_wksp\lab1\Lab1-Herzog.srcs\sources_1\imports\Lab1_Cadet_Code_2026\video.vhdl:]
WARNING: [filemgmt 56-199] Attempt to get parsing info during refresh. "On-the-fly" syntax checking information may be incorrect. [C:\Users\C27Soren.Herzog\ece383\Herzog_ece383_wksp\lab1\Lab1-Herzog.srcs\sources_1\imports\Lab1_Cadet_Code_2026\color_mapper.vhd:]
WARNING: [filemgmt 56-199] Attempt to get parsing info during refresh. "On-the-fly" syntax checking information may be incorrect. [C:\Users\C27Soren.Herzog\ece383\Herzog_ece383_wksp\lab1\Lab1-Herzog.srcs\sources_1\imports\Lab1_Cadet_Code_2026\ece383_pkg.vhd:]
WARNING: [filemgmt 56-199] Attempt to get parsing info during refresh. "On-the-fly" syntax checking information may be incorrect. [C:\Users\C27Soren.Herzog\ece383\Herzog_ece383_wksp\lab1\Lab1-Herzog.srcs\sources_1\imports\Lab1_Cadet_Code_2026\vga_signal_generator.vhd:]
WARNING: [filemgmt 56-199] Attempt to get parsing info during refresh. "On-the-fly" syntax checking information may be incorrect. [C:\Users\C27Soren.Herzog\ece383\Herzog_ece383_wksp\lab1\Lab1-Herzog.srcs\sources_1\imports\Lab1_Cadet_Code_2026\vga.vhd:]
WARNING: [filemgmt 56-199] Attempt to get parsing info during refresh. "On-the-fly" syntax checking information may be incorrect. [C:\Users\C27Soren.Herzog\ece383\Herzog_ece383_wksp\lab1\Lab1-Herzog.srcs\sources_1\new\Lab1.vhd:]
WARNING: [filemgmt 56-199] Attempt to get parsing info during refresh. "On-the-fly" syntax checking information may be incorrect. [C:\Users\C27Soren.Herzog\ece383\Herzog_ece383_wksp\lab1\Lab1-Herzog.srcs\sources_1\imports\Lab1_Cadet_Code_2026\vga_signal_generator.vhd:]
WARNING: [filemgmt 56-199] Attempt to get parsing info during refresh. "On-the-fly" syntax checking information may be incorrect. [C:\Users\C27Soren.Herzog\ece383\Herzog_ece383_wksp\lab1\Lab1-Herzog.srcs\sources_1\imports\Lab1_Cadet_Code_2026\vga_signal_generator.vhd:]
WARNING: [filemgmt 56-199] Attempt to get parsing info during refresh. "On-the-fly" syntax checking information may be incorrect. [C:\Users\C27Soren.Herzog\ece383\Herzog_ece383_wksp\lab1\Lab1-Herzog.srcs\sources_1\imports\Lab1_Cadet_Code_2026\video.vhdl:]
WARNING: [filemgmt 56-199] Attempt to get parsing info during refresh. "On-the-fly" syntax checking information may be incorrect. [C:\Users\C27Soren.Herzog\ece383\Herzog_ece383_wksp\lab1\Lab1-Herzog.srcs\sources_1\imports\Lab1_Cadet_Code_2026\color_mapper.vhd:]
WARNING: [filemgmt 56-199] Attempt to get parsing info during refresh. "On-the-fly" syntax checking information may be incorrect. [C:\Users\C27Soren.Herzog\ece383\Herzog_ece383_wksp\lab1\Lab1-Herzog.srcs\sources_1\imports\Lab1_Cadet_Code_2026\ece383_pkg.vhd:]
WARNING: [filemgmt 56-199] Attempt to get parsing info during refresh. "On-the-fly" syntax checking information may be incorrect. [C:\Users\C27Soren.Herzog\ece383\Herzog_ece383_wksp\lab1\Lab1-Herzog.srcs\sources_1\imports\Lab1_Cadet_Code_2026\vga_signal_generator.vhd:]
WARNING: [filemgmt 56-199] Attempt to get parsing info during refresh. "On-the-fly" syntax checking information may be incorrect. [C:\Users\C27Soren.Herzog\ece383\Herzog_ece383_wksp\lab1\Lab1-Herzog.srcs\sources_1\imports\Lab1_Cadet_Code_2026\vga.vhd:]
WARNING: [filemgmt 56-199] Attempt to get parsing info during refresh. "On-the-fly" syntax checking information may be incorrect. [C:\Users\C27Soren.Herzog\ece383\Herzog_ece383_wksp\lab1\Lab1-Herzog.srcs\sources_1\new\Lab1.vhd:]
WARNING: [filemgmt 56-199] Attempt to get parsing info during refresh. "On-the-fly" syntax checking information may be incorrect. [C:\Users\C27Soren.Herzog\ece383\Herzog_ece383_wksp\lab1\Lab1-Herzog.srcs\sources_1\imports\Lab1_Cadet_Code_2026\vga.vhd:]
WARNING: [filemgmt 56-199] Attempt to get parsing info during refresh. "On-the-fly" syntax checking information may be incorrect. [C:\Users\C27Soren.Herzog\ece383\Herzog_ece383_wksp\lab1\Lab1-Herzog.srcs\sources_1\imports\Lab1_Cadet_Code_2026\vga.vhd:]
ERROR: [Common 17-180] Spawn failed: No error
WARNING: [filemgmt 56-199] Attempt to get parsing info during refresh. "On-the-fly" syntax checking information may be incorrect. [C:\Users\C27Soren.Herzog\ece383\Herzog_ece383_wksp\lab1\Lab1-Herzog.srcs\sources_1\imports\Lab1_Cadet_Code_2026\video.vhdl:]
WARNING: [filemgmt 56-199] Attempt to get parsing info during refresh. "On-the-fly" syntax checking information may be incorrect. [C:\Users\C27Soren.Herzog\ece383\Herzog_ece383_wksp\lab1\Lab1-Herzog.srcs\sources_1\imports\Lab1_Cadet_Code_2026\color_mapper.vhd:]
WARNING: [filemgmt 56-199] Attempt to get parsing info during refresh. "On-the-fly" syntax checking information may be incorrect. [C:\Users\C27Soren.Herzog\ece383\Herzog_ece383_wksp\lab1\Lab1-Herzog.srcs\sources_1\imports\Lab1_Cadet_Code_2026\ece383_pkg.vhd:]
WARNING: [filemgmt 56-199] Attempt to get parsing info during refresh. "On-the-fly" syntax checking information may be incorrect. [C:\Users\C27Soren.Herzog\ece383\Herzog_ece383_wksp\lab1\Lab1-Herzog.srcs\sources_1\imports\Lab1_Cadet_Code_2026\vga_signal_generator.vhd:]
WARNING: [filemgmt 56-199] Attempt to get parsing info during refresh. "On-the-fly" syntax checking information may be incorrect. [C:\Users\C27Soren.Herzog\ece383\Herzog_ece383_wksp\lab1\Lab1-Herzog.srcs\sources_1\imports\Lab1_Cadet_Code_2026\vga.vhd:]
WARNING: [filemgmt 56-199] Attempt to get parsing info during refresh. "On-the-fly" syntax checking information may be incorrect. [C:\Users\C27Soren.Herzog\ece383\Herzog_ece383_wksp\lab1\Lab1-Herzog.srcs\sources_1\new\Lab1.vhd:]
WARNING: [filemgmt 56-199] Attempt to get parsing info during refresh. "On-the-fly" syntax checking information may be incorrect. [C:\Users\C27Soren.Herzog\ece383\Herzog_ece383_wksp\lab1\Lab1-Herzog.srcs\sources_1\imports\Lab1_Cadet_Code_2026\color_mapper.vhd:]
WARNING: [filemgmt 56-199] Attempt to get parsing info during refresh. "On-the-fly" syntax checking information may be incorrect. [C:\Users\C27Soren.Herzog\ece383\Herzog_ece383_wksp\lab1\Lab1-Herzog.srcs\sources_1\imports\Lab1_Cadet_Code_2026\color_mapper.vhd:]
WARNING: [filemgmt 56-199] Attempt to get parsing info during refresh. "On-the-fly" syntax checking information may be incorrect. [C:\Users\C27Soren.Herzog\ece383\Herzog_ece383_wksp\lab1\Lab1-Herzog.srcs\sources_1\imports\Lab1_Cadet_Code_2026\video.vhdl:]
WARNING: [filemgmt 56-199] Attempt to get parsing info during refresh. "On-the-fly" syntax checking information may be incorrect. [C:\Users\C27Soren.Herzog\ece383\Herzog_ece383_wksp\lab1\Lab1-Herzog.srcs\sources_1\imports\Lab1_Cadet_Code_2026\color_mapper.vhd:]
WARNING: [filemgmt 56-199] Attempt to get parsing info during refresh. "On-the-fly" syntax checking information may be incorrect. [C:\Users\C27Soren.Herzog\ece383\Herzog_ece383_wksp\lab1\Lab1-Herzog.srcs\sources_1\imports\Lab1_Cadet_Code_2026\ece383_pkg.vhd:]
WARNING: [filemgmt 56-199] Attempt to get parsing info during refresh. "On-the-fly" syntax checking information may be incorrect. [C:\Users\C27Soren.Herzog\ece383\Herzog_ece383_wksp\lab1\Lab1-Herzog.srcs\sources_1\imports\Lab1_Cadet_Code_2026\vga_signal_generator.vhd:]
WARNING: [filemgmt 56-199] Attempt to get parsing info during refresh. "On-the-fly" syntax checking information may be incorrect. [C:\Users\C27Soren.Herzog\ece383\Herzog_ece383_wksp\lab1\Lab1-Herzog.srcs\sources_1\imports\Lab1_Cadet_Code_2026\vga.vhd:]
WARNING: [filemgmt 56-199] Attempt to get parsing info during refresh. "On-the-fly" syntax checking information may be incorrect. [C:\Users\C27Soren.Herzog\ece383\Herzog_ece383_wksp\lab1\Lab1-Herzog.srcs\sources_1\new\Lab1.vhd:]
WARNING: [filemgmt 56-199] Attempt to get parsing info during refresh. "On-the-fly" syntax checking information may be incorrect. [C:\Users\C27Soren.Herzog\ece383\Herzog_ece383_wksp\lab1\Lab1-Herzog.srcs\sources_1\imports\Lab1_Cadet_Code_2026\video.vhdl:]
WARNING: [filemgmt 56-199] Attempt to get parsing info during refresh. "On-the-fly" syntax checking information may be incorrect. [C:\Users\C27Soren.Herzog\ece383\Herzog_ece383_wksp\lab1\Lab1-Herzog.srcs\sources_1\imports\Lab1_Cadet_Code_2026\video.vhdl:]
WARNING: [filemgmt 56-199] Attempt to get parsing info during refresh. "On-the-fly" syntax checking information may be incorrect. [C:\Users\C27Soren.Herzog\ece383\Herzog_ece383_wksp\lab1\Lab1-Herzog.srcs\sources_1\imports\Lab1_Cadet_Code_2026\video.vhdl:]
WARNING: [filemgmt 56-199] Attempt to get parsing info during refresh. "On-the-fly" syntax checking information may be incorrect. [C:\Users\C27Soren.Herzog\ece383\Herzog_ece383_wksp\lab1\Lab1-Herzog.srcs\sources_1\imports\Lab1_Cadet_Code_2026\color_mapper.vhd:]
WARNING: [filemgmt 56-199] Attempt to get parsing info during refresh. "On-the-fly" syntax checking information may be incorrect. [C:\Users\C27Soren.Herzog\ece383\Herzog_ece383_wksp\lab1\Lab1-Herzog.srcs\sources_1\imports\Lab1_Cadet_Code_2026\ece383_pkg.vhd:]
WARNING: [filemgmt 56-199] Attempt to get parsing info during refresh. "On-the-fly" syntax checking information may be incorrect. [C:\Users\C27Soren.Herzog\ece383\Herzog_ece383_wksp\lab1\Lab1-Herzog.srcs\sources_1\imports\Lab1_Cadet_Code_2026\vga_signal_generator.vhd:]
WARNING: [filemgmt 56-199] Attempt to get parsing info during refresh. "On-the-fly" syntax checking information may be incorrect. [C:\Users\C27Soren.Herzog\ece383\Herzog_ece383_wksp\lab1\Lab1-Herzog.srcs\sources_1\imports\Lab1_Cadet_Code_2026\vga.vhd:]
WARNING: [filemgmt 56-199] Attempt to get parsing info during refresh. "On-the-fly" syntax checking information may be incorrect. [C:\Users\C27Soren.Herzog\ece383\Herzog_ece383_wksp\lab1\Lab1-Herzog.srcs\sources_1\new\Lab1.vhd:]
WARNING: [filemgmt 56-199] Attempt to get parsing info during refresh. "On-the-fly" syntax checking information may be incorrect. [C:\Users\C27Soren.Herzog\ece383\Herzog_ece383_wksp\lab1\Lab1-Herzog.srcs\sources_1\imports\Lab1_Cadet_Code_2026\ece383_pkg.vhd:]
WARNING: [filemgmt 56-199] Attempt to get parsing info during refresh. "On-the-fly" syntax checking information may be incorrect. [C:\Users\C27Soren.Herzog\ece383\Herzog_ece383_wksp\lab1\Lab1-Herzog.srcs\sources_1\imports\Lab1_Cadet_Code_2026\ece383_pkg.vhd:]
ERROR: [Common 17-180] Spawn failed: No error
WARNING: [filemgmt 56-199] Attempt to get parsing info during refresh. "On-the-fly" syntax checking information may be incorrect. [C:\Users\C27Soren.Herzog\ece383\Herzog_ece383_wksp\lab1\Lab1-Herzog.srcs\sources_1\imports\Lab1_Cadet_Code_2026\video.vhdl:]
WARNING: [filemgmt 56-199] Attempt to get parsing info during refresh. "On-the-fly" syntax checking information may be incorrect. [C:\Users\C27Soren.Herzog\ece383\Herzog_ece383_wksp\lab1\Lab1-Herzog.srcs\sources_1\imports\Lab1_Cadet_Code_2026\color_mapper.vhd:]
WARNING: [filemgmt 56-199] Attempt to get parsing info during refresh. "On-the-fly" syntax checking information may be incorrect. [C:\Users\C27Soren.Herzog\ece383\Herzog_ece383_wksp\lab1\Lab1-Herzog.srcs\sources_1\imports\Lab1_Cadet_Code_2026\ece383_pkg.vhd:]
WARNING: [filemgmt 56-199] Attempt to get parsing info during refresh. "On-the-fly" syntax checking information may be incorrect. [C:\Users\C27Soren.Herzog\ece383\Herzog_ece383_wksp\lab1\Lab1-Herzog.srcs\sources_1\imports\Lab1_Cadet_Code_2026\vga_signal_generator.vhd:]
WARNING: [filemgmt 56-199] Attempt to get parsing info during refresh. "On-the-fly" syntax checking information may be incorrect. [C:\Users\C27Soren.Herzog\ece383\Herzog_ece383_wksp\lab1\Lab1-Herzog.srcs\sources_1\imports\Lab1_Cadet_Code_2026\vga.vhd:]
WARNING: [filemgmt 56-199] Attempt to get parsing info during refresh. "On-the-fly" syntax checking information may be incorrect. [C:\Users\C27Soren.Herzog\ece383\Herzog_ece383_wksp\lab1\Lab1-Herzog.srcs\sources_1\new\Lab1.vhd:]
WARNING: [filemgmt 56-199] Attempt to get parsing info during refresh. "On-the-fly" syntax checking information may be incorrect. [C:\Users\C27Soren.Herzog\ece383\Herzog_ece383_wksp\lab1\Lab1-Herzog.srcs\sources_1\new\Lab1.vhd:]
WARNING: [filemgmt 56-199] Attempt to get parsing info during refresh. "On-the-fly" syntax checking information may be incorrect. [C:\Users\C27Soren.Herzog\ece383\Herzog_ece383_wksp\lab1\Lab1-Herzog.srcs\sources_1\new\Lab1.vhd:]
ERROR: [Common 17-180] Spawn failed: No error
ERROR: [Common 17-180] Spawn failed: No error
exit
INFO: [Common 17-206] Exiting Vivado at Thu Jan 22 22:25:30 2026...
